Determining if the include file pthread.h exists failed with the following output:
Change Dir: G:/Projects/tutorials-bin-vc10-64/CMakeFiles/CMakeTmp

Run Build Command:"C:/Program Files (x86)/MSBuild/14.0/bin/MSBuild.exe" "cmTC_e82ce.vcxproj" "/p:Configuration=Debug" "/p:VisualStudioVersion=14.0"
Microsoft (R) Build Engine version 14.0.25420.1
Copyright (C) Microsoft Corporation. All rights reserved.

Build started 09/07/2017 14:42:14.
Project "G:\Projects\tutorials-bin-vc10-64\CMakeFiles\CMakeTmp\cmTC_e82ce.vcxproj" on node 1 (default targets).
PrepareForBuild:
  Creating directory "cmTC_e82ce.dir\Debug\".
  Creating directory "G:\Projects\tutorials-bin-vc10-64\CMakeFiles\CMakeTmp\Debug\".
  Creating directory "cmTC_e82ce.dir\Debug\cmTC_e82ce.tlog\".
InitializeBuildStatus:
  Creating "cmTC_e82ce.dir\Debug\cmTC_e82ce.tlog\unsuccessfulbuild" because "AlwaysCreate" was specified.
ClCompile:
  C:\Program Files (x86)\Microsoft Visual Studio 14.0\VC\bin\x86_amd64\CL.exe /c /Zi /W3 /WX- /Od /Ob0 /D WIN32 /D _WINDOWS /D "CMAKE_INTDIR=\"Debug\"" /D _MBCS /Gm- /RTC1 /MDd /GS /fp:precise /Zc:wchar_t /Zc:forScope /Zc:inline /Fo"cmTC_e82ce.dir\Debug\\" /Fd"cmTC_e82ce.dir\Debug\vc140.pdb" /Gd /TC /errorReport:queue "G:\Projects\tutorials-bin-vc10-64\CMakeFiles\CMakeTmp\CheckIncludeFile.c"
  Microsoft (R) C/C++-Optimierungscompiler Version 19.00.24215.1 fr x64
  Copyright (C) Microsoft Corporation. Alle Rechte vorbehalten.
  
  cl /c /Zi /W3 /WX- /Od /Ob0 /D WIN32 /D _WINDOWS /D "CMAKE_INTDIR=\"Debug\"" /D _MBCS /Gm- /RTC1 /MDd /GS /fp:precise /Zc:wchar_t /Zc:forScope /Zc:inline /Fo"cmTC_e82ce.dir\Debug\\" /Fd"cmTC_e82ce.dir\Debug\vc140.pdb" /Gd /TC /errorReport:queue "G:\Projects\tutorials-bin-vc10-64\CMakeFiles\CMakeTmp\CheckIncludeFile.c"
  
  CheckIncludeFile.c
G:\Projects\tutorials-bin-vc10-64\CMakeFiles\CMakeTmp\CheckIncludeFile.c(1): fatal error C1083: Datei (Include) kann nicht ge”ffnet werden: "pthread.h": No such file or directory [G:\Projects\tutorials-bin-vc10-64\CMakeFiles\CMakeTmp\cmTC_e82ce.vcxproj]
Done Building Project "G:\Projects\tutorials-bin-vc10-64\CMakeFiles\CMakeTmp\cmTC_e82ce.vcxproj" (default targets) -- FAILED.

Build FAILED.

"G:\Projects\tutorials-bin-vc10-64\CMakeFiles\CMakeTmp\cmTC_e82ce.vcxproj" (default target) (1) ->
(ClCompile target) -> 
  G:\Projects\tutorials-bin-vc10-64\CMakeFiles\CMakeTmp\CheckIncludeFile.c(1): fatal error C1083: Datei (Include) kann nicht ge”ffnet werden: "pthread.h": No such file or directory [G:\Projects\tutorials-bin-vc10-64\CMakeFiles\CMakeTmp\cmTC_e82ce.vcxproj]

    0 Warning(s)
    1 Error(s)

Time Elapsed 00:00:00.45


Determining size of off64_t failed with the following output:
Change Dir: G:/Projects/tutorials-bin-vc10-64/CMakeFiles/CMakeTmp

Run Build Command:"C:/Program Files (x86)/MSBuild/14.0/bin/MSBuild.exe" "cmTC_506de.vcxproj" "/p:Configuration=Debug" "/p:VisualStudioVersion=14.0"
Microsoft (R) Build Engine version 14.0.25420.1
Copyright (C) Microsoft Corporation. All rights reserved.

Build started 09/07/2017 14:42:18.
Project "G:\Projects\tutorials-bin-vc10-64\CMakeFiles\CMakeTmp\cmTC_506de.vcxproj" on node 1 (default targets).
PrepareForBuild:
  Creating directory "cmTC_506de.dir\Debug\".
  Creating directory "G:\Projects\tutorials-bin-vc10-64\CMakeFiles\CMakeTmp\Debug\".
  Creating directory "cmTC_506de.dir\Debug\cmTC_506de.tlog\".
InitializeBuildStatus:
  Creating "cmTC_506de.dir\Debug\cmTC_506de.tlog\unsuccessfulbuild" because "AlwaysCreate" was specified.
ClCompile:
  C:\Program Files (x86)\Microsoft Visual Studio 14.0\VC\bin\x86_amd64\CL.exe /c /Zi /W3 /WX- /Od /Ob0 /D WIN32 /D _WINDOWS /D _LARGEFILE64_SOURCE=1 /D HAVE_SYS_TYPES_H /D HAVE_STDINT_H /D HAVE_STDDEF_H /D "CMAKE_INTDIR=\"Debug\"" /D _MBCS /Gm- /RTC1 /MDd /GS /fp:precise /Zc:wchar_t /Zc:forScope /Zc:inline /Fo"cmTC_506de.dir\Debug\\" /Fd"cmTC_506de.dir\Debug\vc140.pdb" /Gd /TC /errorReport:queue "G:\Projects\tutorials-bin-vc10-64\CMakeFiles\CheckTypeSize\OFF64_T.c"
  Microsoft (R) C/C++-Optimierungscompiler Version 19.00.24215.1 fr x64
  Copyright (C) Microsoft Corporation. Alle Rechte vorbehalten.
  
  cl /c /Zi /W3 /WX- /Od /Ob0 /D WIN32 /D _WINDOWS /D _LARGEFILE64_SOURCE=1 /D HAVE_SYS_TYPES_H /D HAVE_STDINT_H /D HAVE_STDDEF_H /D "CMAKE_INTDIR=\"Debug\"" /D _MBCS /Gm- /RTC1 /MDd /GS /fp:precise /Zc:wchar_t /Zc:forScope /Zc:inline /Fo"cmTC_506de.dir\Debug\\" /Fd"cmTC_506de.dir\Debug\vc140.pdb" /Gd /TC /errorReport:queue "G:\Projects\tutorials-bin-vc10-64\CMakeFiles\CheckTypeSize\OFF64_T.c"
  
  OFF64_T.c
G:\Projects\tutorials-bin-vc10-64\CMakeFiles\CheckTypeSize\OFF64_T.c(19): error C2065: "off64_t": nichtdeklarierter Bezeichner [G:\Projects\tutorials-bin-vc10-64\CMakeFiles\CMakeTmp\cmTC_506de.vcxproj]
G:\Projects\tutorials-bin-vc10-64\CMakeFiles\CheckTypeSize\OFF64_T.c(20): error C2065: "off64_t": nichtdeklarierter Bezeichner [G:\Projects\tutorials-bin-vc10-64\CMakeFiles\CMakeTmp\cmTC_506de.vcxproj]
G:\Projects\tutorials-bin-vc10-64\CMakeFiles\CheckTypeSize\OFF64_T.c(21): error C2065: "off64_t": nichtdeklarierter Bezeichner [G:\Projects\tutorials-bin-vc10-64\CMakeFiles\CMakeTmp\cmTC_506de.vcxproj]
G:\Projects\tutorials-bin-vc10-64\CMakeFiles\CheckTypeSize\OFF64_T.c(22): error C2065: "off64_t": nichtdeklarierter Bezeichner [G:\Projects\tutorials-bin-vc10-64\CMakeFiles\CMakeTmp\cmTC_506de.vcxproj]
G:\Projects\tutorials-bin-vc10-64\CMakeFiles\CheckTypeSize\OFF64_T.c(23): error C2065: "off64_t": nichtdeklarierter Bezeichner [G:\Projects\tutorials-bin-vc10-64\CMakeFiles\CMakeTmp\cmTC_506de.vcxproj]
Done Building Project "G:\Projects\tutorials-bin-vc10-64\CMakeFiles\CMakeTmp\cmTC_506de.vcxproj" (default targets) -- FAILED.

Build FAILED.

"G:\Projects\tutorials-bin-vc10-64\CMakeFiles\CMakeTmp\cmTC_506de.vcxproj" (default target) (1) ->
(ClCompile target) -> 
  G:\Projects\tutorials-bin-vc10-64\CMakeFiles\CheckTypeSize\OFF64_T.c(19): error C2065: "off64_t": nichtdeklarierter Bezeichner [G:\Projects\tutorials-bin-vc10-64\CMakeFiles\CMakeTmp\cmTC_506de.vcxproj]
  G:\Projects\tutorials-bin-vc10-64\CMakeFiles\CheckTypeSize\OFF64_T.c(20): error C2065: "off64_t": nichtdeklarierter Bezeichner [G:\Projects\tutorials-bin-vc10-64\CMakeFiles\CMakeTmp\cmTC_506de.vcxproj]
  G:\Projects\tutorials-bin-vc10-64\CMakeFiles\CheckTypeSize\OFF64_T.c(21): error C2065: "off64_t": nichtdeklarierter Bezeichner [G:\Projects\tutorials-bin-vc10-64\CMakeFiles\CMakeTmp\cmTC_506de.vcxproj]
  G:\Projects\tutorials-bin-vc10-64\CMakeFiles\CheckTypeSize\OFF64_T.c(22): error C2065: "off64_t": nichtdeklarierter Bezeichner [G:\Projects\tutorials-bin-vc10-64\CMakeFiles\CMakeTmp\cmTC_506de.vcxproj]
  G:\Projects\tutorials-bin-vc10-64\CMakeFiles\CheckTypeSize\OFF64_T.c(23): error C2065: "off64_t": nichtdeklarierter Bezeichner [G:\Projects\tutorials-bin-vc10-64\CMakeFiles\CMakeTmp\cmTC_506de.vcxproj]

    0 Warning(s)
    5 Error(s)

Time Elapsed 00:00:00.43

G:/Projects/tutorials-bin-vc10-64/CMakeFiles/CheckTypeSize/OFF64_T.c:
#include <sys/types.h>
#include <stdint.h>
#include <stddef.h>


#undef KEY
#if defined(__i386)
# define KEY '_','_','i','3','8','6'
#elif defined(__x86_64)
# define KEY '_','_','x','8','6','_','6','4'
#elif defined(__ppc__)
# define KEY '_','_','p','p','c','_','_'
#elif defined(__ppc64__)
# define KEY '_','_','p','p','c','6','4','_','_'
#endif

#define SIZE (sizeof(off64_t))
char info_size[] =  {'I', 'N', 'F', 'O', ':', 's','i','z','e','[',
  ('0' + ((SIZE / 10000)%10)),
  ('0' + ((SIZE / 1000)%10)),
  ('0' + ((SIZE / 100)%10)),
  ('0' + ((SIZE / 10)%10)),
  ('0' +  (SIZE    % 10)),
  ']',
#ifdef KEY
  ' ','k','e','y','[', KEY, ']',
#endif
  '\0'};

#ifdef __CLASSIC_C__
int main(argc, argv) int argc; char *argv[];
#else
int main(int argc, char *argv[])
#endif
{
  int require = 0;
  require += info_size[argc];
  (void)argv;
  return require;
}


Determining if the function fseeko exists failed with the following output:
Change Dir: G:/Projects/tutorials-bin-vc10-64/CMakeFiles/CMakeTmp

Run Build Command:"C:/Program Files (x86)/MSBuild/14.0/bin/MSBuild.exe" "cmTC_23530.vcxproj" "/p:Configuration=Debug" "/p:VisualStudioVersion=14.0"
Microsoft (R) Build Engine version 14.0.25420.1
Copyright (C) Microsoft Corporation. All rights reserved.

Build started 09/07/2017 14:42:19.
Project "G:\Projects\tutorials-bin-vc10-64\CMakeFiles\CMakeTmp\cmTC_23530.vcxproj" on node 1 (default targets).
PrepareForBuild:
  Creating directory "cmTC_23530.dir\Debug\".
  Creating directory "G:\Projects\tutorials-bin-vc10-64\CMakeFiles\CMakeTmp\Debug\".
  Creating directory "cmTC_23530.dir\Debug\cmTC_23530.tlog\".
InitializeBuildStatus:
  Creating "cmTC_23530.dir\Debug\cmTC_23530.tlog\unsuccessfulbuild" because "AlwaysCreate" was specified.
ClCompile:
  C:\Program Files (x86)\Microsoft Visual Studio 14.0\VC\bin\x86_amd64\CL.exe /c /Zi /W3 /WX- /Od /Ob0 /D WIN32 /D _WINDOWS /D CHECK_FUNCTION_EXISTS=fseeko /D "CMAKE_INTDIR=\"Debug\"" /D _MBCS /Gm- /RTC1 /MDd /GS /fp:precise /Zc:wchar_t /Zc:forScope /Zc:inline /Fo"cmTC_23530.dir\Debug\\" /Fd"cmTC_23530.dir\Debug\vc140.pdb" /Gd /TC /errorReport:queue "C:\Program Files\CMake\share\cmake-3.9\Modules\CheckFunctionExists.c"
  Microsoft (R) C/C++-Optimierungscompiler Version 19.00.24215.1 fr x64
  Copyright (C) Microsoft Corporation. Alle Rechte vorbehalten.
  
  cl /c /Zi /W3 /WX- /Od /Ob0 /D WIN32 /D _WINDOWS /D CHECK_FUNCTION_EXISTS=fseeko /D "CMAKE_INTDIR=\"Debug\"" /D _MBCS /Gm- /RTC1 /MDd /GS /fp:precise /Zc:wchar_t /Zc:forScope /Zc:inline /Fo"cmTC_23530.dir\Debug\\" /Fd"cmTC_23530.dir\Debug\vc140.pdb" /Gd /TC /errorReport:queue "C:\Program Files\CMake\share\cmake-3.9\Modules\CheckFunctionExists.c"
  
  CheckFunctionExists.c
Link:
  C:\Program Files (x86)\Microsoft Visual Studio 14.0\VC\bin\x86_amd64\link.exe /ERRORREPORT:QUEUE /OUT:"G:\Projects\tutorials-bin-vc10-64\CMakeFiles\CMakeTmp\Debug\cmTC_23530.exe" /INCREMENTAL /NOLOGO kernel32.lib user32.lib gdi32.lib winspool.lib shell32.lib ole32.lib oleaut32.lib uuid.lib comdlg32.lib advapi32.lib /MANIFEST /MANIFESTUAC:"level='asInvoker' uiAccess='false'" /manifest:embed /DEBUG /PDB:"G:/Projects/tutorials-bin-vc10-64/CMakeFiles/CMakeTmp/Debug/cmTC_23530.pdb" /SUBSYSTEM:CONSOLE /TLBID:1 /DYNAMICBASE /NXCOMPAT /IMPLIB:"G:/Projects/tutorials-bin-vc10-64/CMakeFiles/CMakeTmp/Debug/cmTC_23530.lib" /MACHINE:X64  /machine:x64 cmTC_23530.dir\Debug\CheckFunctionExists.obj
CheckFunctionExists.obj : error LNK2019: Verweis auf nicht aufgelöstes externes Symbol "fseeko" in Funktion "main". [G:\Projects\tutorials-bin-vc10-64\CMakeFiles\CMakeTmp\cmTC_23530.vcxproj]
G:\Projects\tutorials-bin-vc10-64\CMakeFiles\CMakeTmp\Debug\cmTC_23530.exe : fatal error LNK1120: 1 nicht aufgelöste Externe [G:\Projects\tutorials-bin-vc10-64\CMakeFiles\CMakeTmp\cmTC_23530.vcxproj]
Done Building Project "G:\Projects\tutorials-bin-vc10-64\CMakeFiles\CMakeTmp\cmTC_23530.vcxproj" (default targets) -- FAILED.

Build FAILED.

"G:\Projects\tutorials-bin-vc10-64\CMakeFiles\CMakeTmp\cmTC_23530.vcxproj" (default target) (1) ->
(Link target) -> 
  CheckFunctionExists.obj : error LNK2019: Verweis auf nicht aufgelöstes externes Symbol "fseeko" in Funktion "main". [G:\Projects\tutorials-bin-vc10-64\CMakeFiles\CMakeTmp\cmTC_23530.vcxproj]
  G:\Projects\tutorials-bin-vc10-64\CMakeFiles\CMakeTmp\Debug\cmTC_23530.exe : fatal error LNK1120: 1 nicht aufgelöste Externe [G:\Projects\tutorials-bin-vc10-64\CMakeFiles\CMakeTmp\cmTC_23530.vcxproj]

    0 Warning(s)
    2 Error(s)

Time Elapsed 00:00:00.66


Determining if the include file unistd.h exists failed with the following output:
Change Dir: G:/Projects/tutorials-bin-vc10-64/CMakeFiles/CMakeTmp

Run Build Command:"C:/Program Files (x86)/MSBuild/14.0/bin/MSBuild.exe" "cmTC_59dc2.vcxproj" "/p:Configuration=Debug" "/p:VisualStudioVersion=14.0"
Microsoft (R) Build Engine version 14.0.25420.1
Copyright (C) Microsoft Corporation. All rights reserved.

Build started 09/07/2017 14:42:20.
Project "G:\Projects\tutorials-bin-vc10-64\CMakeFiles\CMakeTmp\cmTC_59dc2.vcxproj" on node 1 (default targets).
PrepareForBuild:
  Creating directory "cmTC_59dc2.dir\Debug\".
  Creating directory "G:\Projects\tutorials-bin-vc10-64\CMakeFiles\CMakeTmp\Debug\".
  Creating directory "cmTC_59dc2.dir\Debug\cmTC_59dc2.tlog\".
InitializeBuildStatus:
  Creating "cmTC_59dc2.dir\Debug\cmTC_59dc2.tlog\unsuccessfulbuild" because "AlwaysCreate" was specified.
ClCompile:
  C:\Program Files (x86)\Microsoft Visual Studio 14.0\VC\bin\x86_amd64\CL.exe /c /Zi /W3 /WX- /Od /Ob0 /D WIN32 /D _WINDOWS /D "CMAKE_INTDIR=\"Debug\"" /D _MBCS /Gm- /RTC1 /MDd /GS /fp:precise /Zc:wchar_t /Zc:forScope /Zc:inline /Fo"cmTC_59dc2.dir\Debug\\" /Fd"cmTC_59dc2.dir\Debug\vc140.pdb" /Gd /TC /errorReport:queue "G:\Projects\tutorials-bin-vc10-64\CMakeFiles\CMakeTmp\CheckIncludeFile.c"
  Microsoft (R) C/C++-Optimierungscompiler Version 19.00.24215.1 fr x64
  Copyright (C) Microsoft Corporation. Alle Rechte vorbehalten.
  
  cl /c /Zi /W3 /WX- /Od /Ob0 /D WIN32 /D _WINDOWS /D "CMAKE_INTDIR=\"Debug\"" /D _MBCS /Gm- /RTC1 /MDd /GS /fp:precise /Zc:wchar_t /Zc:forScope /Zc:inline /Fo"cmTC_59dc2.dir\Debug\\" /Fd"cmTC_59dc2.dir\Debug\vc140.pdb" /Gd /TC /errorReport:queue "G:\Projects\tutorials-bin-vc10-64\CMakeFiles\CMakeTmp\CheckIncludeFile.c"
  
  CheckIncludeFile.c
G:\Projects\tutorials-bin-vc10-64\CMakeFiles\CMakeTmp\CheckIncludeFile.c(1): fatal error C1083: Datei (Include) kann nicht ge”ffnet werden: "unistd.h": No such file or directory [G:\Projects\tutorials-bin-vc10-64\CMakeFiles\CMakeTmp\cmTC_59dc2.vcxproj]
Done Building Project "G:\Projects\tutorials-bin-vc10-64\CMakeFiles\CMakeTmp\cmTC_59dc2.vcxproj" (default targets) -- FAILED.

Build FAILED.

"G:\Projects\tutorials-bin-vc10-64\CMakeFiles\CMakeTmp\cmTC_59dc2.vcxproj" (default target) (1) ->
(ClCompile target) -> 
  G:\Projects\tutorials-bin-vc10-64\CMakeFiles\CMakeTmp\CheckIncludeFile.c(1): fatal error C1083: Datei (Include) kann nicht ge”ffnet werden: "unistd.h": No such file or directory [G:\Projects\tutorials-bin-vc10-64\CMakeFiles\CMakeTmp\cmTC_59dc2.vcxproj]

    0 Warning(s)
    1 Error(s)

Time Elapsed 00:00:00.46


